<?xml version="1.0" encoding="UTF-8"?>
<testsuite xmlns:xsi="http://www.w3.org/2001/XMLSchema-instance" xsi:noNamespaceSchemaLocation="https://maven.apache.org/surefire/maven-surefire-plugin/xsd/surefire-test-report.xsd" name="org.evosuite.PackageInfoTest" time="0.051" tests="5" errors="0" skipped="0" failures="0">
  <properties>
[...]
</properties>
  <testcase name="testGetEvoSuitePackage" classname="org.evosuite.PackageInfoTest" time="0.003"/>
  <testcase name="testGetShadedPackage" classname="org.evosuite.PackageInfoTest" time="0"/>
  <testcase name="testGetEvoSuitePackageWithSlash" classname="org.evosuite.PackageInfoTest" time="0"/>
  <testcase name="testGetNameWithSlash" classname="org.evosuite.PackageInfoTest" time="0"/>
  <testcase name="testGetNameWithSlashForInnerClass" classname="org.evosuite.PackageInfoTest" time="0"/>
</testsuite>